<?xml version="1.0" encoding="UTF-8"?>
<!-- Generated by org.testng.reporters.JUnitReportReporter -->
<testsuite hostname="LAPTOP-LG4SJ8C5" failures="0" tests="1" name="testScripts.HomeTest" time="3.467" errors="0" timestamp="2025-04-07T22:59:36 IST" skipped="0">
  <testcase classname="testScripts.HomeTest" name="verifyWhetherTitleNameIsCorrect" time="3.467"/>
</testsuite> <!-- testScripts.HomeTest -->
