<?xml version="1.0" encoding="UTF-8"?>
<!-- Generated by org.testng.reporters.JUnitReportReporter -->
<testsuite hostname="LAPTOP-LG4SJ8C5" failures="0" tests="1" name="testScripts.HomeTest" time="5.084" errors="0" timestamp="2025-04-01T07:36:43 IST" skipped="0">
  <testcase classname="testScripts.HomeTest" name="verifywhetherToGetRandomNames" time="5.084"/>
</testsuite> <!-- testScripts.HomeTest -->
