<?xml version="1.0" encoding="UTF-8"?>
<!-- Generated by org.testng.reporters.JUnitReportReporter -->
<testsuite hostname="LAPTOP-LG4SJ8C5" failures="0" tests="1" name="testScript.Logintest" time="2.623" errors="0" timestamp="2025-03-20T07:36:18 IST" skipped="0">
  <testcase classname="testScript.Logintest" name="verifywhetheruserisabletologinwithvalidcredentials" time="2.623"/>
</testsuite> <!-- testScript.Logintest -->
