<?xml version="1.0" encoding="UTF-8"?>
<!-- Generated by org.testng.reporters.JUnitReportReporter -->
<testsuite hostname="LAPTOP-LG4SJ8C5" failures="0" tests="3" name="testScripts.Logintest" time="6.890" errors="0" timestamp="2025-03-31T23:41:47 IST" skipped="0">
  <testcase classname="testScripts.Logintest" name="verifyWhetherUserisAbletoLoginWithValidCredentials" time="2.784"/>
  <testcase classname="testScripts.Logintest" name="verifyWhetherUserisAbletoLoginWithValidCredentials" time="2.045"/>
  <testcase classname="testScripts.Logintest" name="verifyWhetherUserisAbletoLoginWithValidCredentials" time="2.061"/>
</testsuite> <!-- testScripts.Logintest -->
