<?xml version="1.0" encoding="UTF-8"?>
<!-- Generated by org.testng.reporters.JUnitReportReporter -->
<testsuite hostname="LAPTOP-LG4SJ8C5" failures="0" tests="1" name="testScripts.AdminUserTest" time="3.261" errors="0" timestamp="2025-04-01T19:13:45 IST" skipped="0">
  <testcase classname="testScripts.AdminUserTest" name="verifyWhetherAdminisAbleToResetAdminUsersInformation" time="3.261"/>
</testsuite> <!-- testScripts.AdminUserTest -->
